<?xml version="1.0" encoding="UTF-8"?>
<!-- Generated by org.testng.reporters.JUnitXMLReporter -->
<testsuite ignored="3" hostname="c909ed41989b549" failures="0" tests="1" name="Default test" time="0.098" errors="0" timestamp="2024-07-31T11:56:36 IST">
  <testcase classname="TESTNG.demoTestNG.demo2" name="elogin" time="0.007"/>
  <testcase classname="TESTNG.demoTestNG.demo2" name="clogin" time="0.0">
    <ignored/>
  </testcase> <!-- clogin -->
  <testcase classname="TESTNG.demoTestNG.demo2" name="blogin" time="0.0">
    <ignored/>
  </testcase> <!-- blogin -->
  <testcase classname="TESTNG.demoTestNG.demo2" name="alogin" time="0.0">
    <ignored/>
  </testcase> <!-- alogin -->
</testsuite> <!-- Default test -->
