<?xml version="1.0" encoding="UTF-8"?>
<!-- Generated by org.testng.reporters.JUnitXMLReporter -->
<testsuite ignored="2" hostname="c909ed41989b549" failures="0" tests="2" name="GRP-b1" time="0.083" errors="0" timestamp="2024-07-31T11:57:27 IST">
  <testcase classname="TESTNG.demoTestNG.demo2" name="blogin" time="0.01"/>
  <testcase classname="TESTNG.demoTestNG.demo2" name="alogin" time="0.002"/>
  <testcase classname="TESTNG.demoTestNG.demo2" name="clogin" time="0.0">
    <ignored/>
  </testcase> <!-- clogin -->
  <testcase classname="TESTNG.demoTestNG.demo2" name="elogin" time="0.0">
    <ignored/>
  </testcase> <!-- elogin -->
</testsuite> <!-- GRP-b1 -->
