<?xml version="1.0" encoding="UTF-8"?>
<!-- Generated by org.testng.reporters.JUnitXMLReporter -->
<testsuite ignored="2" hostname="c909ed41989b549" failures="0" tests="2" name="GRP-h1" time="0.099" errors="0" timestamp="2024-07-31T11:58:28 IST">
  <testcase classname="TESTNG.demoTestNG.demo2" name="clogin" time="0.016"/>
  <testcase classname="TESTNG.demoTestNG.demo2" name="elogin" time="0.003"/>
  <testcase classname="TESTNG.demoTestNG.demo2" name="blogin" time="0.0">
    <ignored/>
  </testcase> <!-- blogin -->
  <testcase classname="TESTNG.demoTestNG.demo2" name="alogin" time="0.0">
    <ignored/>
  </testcase> <!-- alogin -->
</testsuite> <!-- GRP-h1 -->
